app/build/outputs/logs/manifest-merger-debug-report.txt
-- Merging decision tree log ---
manifest
ADDED from src/main/AndroidManifest.xml:2:1-29:12
	package
		ADDED from src/main/AndroidManifest.xml:3:3-38
		INJECTED from src/main/AndroidManifest.xml
		INJECTED from src/main/AndroidManifest.xml
	android:versionName
		INJECTED from src/main/AndroidManifest.xml
		INJECTED from src/main/AndroidManifest.xml
	xmlns:android
		ADDED from src/main/AndroidManifest.xml:2:11-69
	android:versionCode
		INJECTED from src/main/AndroidManifest.xml
		INJECTED from src/main/AndroidManifest.xml
application
ADDED from src/main/AndroidManifest.xml:5:3-21:17
	android:label
		ADDED from src/main/AndroidManifest.xml:8:5-37
	android:allowBackup
		ADDED from src/main/AndroidManifest.xml:6:5-31
	android:icon
		ADDED from src/main/AndroidManifest.xml:7:5-41
	android:theme
		ADDED from src/main/AndroidManifest.xml:9:5-36
activity#com.exec_method.Lightning.Activ.EMActivityStatus
ADDED from src/main/AndroidManifest.xml:11:5-18:16
	android:label
		ADDED from src/main/AndroidManifest.xml:13:7-39
	android:name
		ADDED from src/main/AndroidManifest.xml:12:7-45
intent-filter#android.intent.action.MAIN+android.intent.category.LAUNCHER
ADDED from src/main/AndroidManifest.xml:14:7-17:23
action#android.intent.action.MAIN
ADDED from src/main/AndroidManifest.xml:15:9-61
	android:name
		ADDED from src/main/AndroidManifest.xml:15:17-58
category#android.intent.category.LAUNCHER
ADDED from src/main/AndroidManifest.xml:16:9-69
	android:name
		ADDED from src/main/AndroidManifest.xml:16:19-66
service#com.exec_method.Lightning.Service.EMService
ADDED from src/main/AndroidManifest.xml:20:5-50
	android:name
		ADDED from src/main/AndroidManifest.xml:20:14-47
uses-permission#android.permission.WRITE_EXTERNAL_STORAGE
ADDED from src/main/AndroidManifest.xml:23:3-78
	android:name
		ADDED from src/main/AndroidManifest.xml:23:20-76
uses-permission#android.permission.INTERNET
ADDED from src/main/AndroidManifest.xml:24:3-65
	android:name
		ADDED from src/main/AndroidManifest.xml:24:20-62
uses-permission#android.permission.ACCESS_COARSE_LOCATION
ADDED from src/main/AndroidManifest.xml:25:3-79
	android:name
		ADDED from src/main/AndroidManifest.xml:25:20-76
uses-permission#android.permission.ACCESS_FINE_LOCATION
ADDED from src/main/AndroidManifest.xml:26:3-77
	android:name
		ADDED from src/main/AndroidManifest.xml:26:20-74
uses-permission#android.permission.ACCESS_COARSE_UPDATES
ADDED from src/main/AndroidManifest.xml:27:3-78
	android:name
		ADDED from src/main/AndroidManifest.xml:27:20-75
uses-sdk
INJECTED from src/main/AndroidManifest.xml reason: use-sdk injection requested
	android:targetSdkVersion
		INJECTED from src/main/AndroidManifest.xml
		INJECTED from src/main/AndroidManifest.xml
	android:minSdkVersion
		INJECTED from src/main/AndroidManifest.xml
		INJECTED from src/main/AndroidManifest.xml